TN:
SF:/home/pjpimentel/projects/digital-ocean/dots/src/account.ts
FN:2,(anonymous_0)
FN:4,(anonymous_1)
FN:5,(anonymous_2)
FN:6,(anonymous_3)
FN:8,__
FN:22,(anonymous_5)
FN:30,AccountEndpoint
FN:40,(anonymous_7)
FNF:8
FNH:6
FNDA:1,(anonymous_0)
FNDA:0,(anonymous_1)
FNDA:0,(anonymous_2)
FNDA:1,(anonymous_3)
FNDA:1,__
FNDA:1,(anonymous_5)
FNDA:1,AccountEndpoint
FNDA:1,(anonymous_7)
DA:2,1
DA:3,1
DA:4,0
DA:5,0
DA:6,1
DA:7,1
DA:8,1
DA:9,1
DA:12,1
DA:13,1
DA:14,1
DA:22,1
DA:23,1
DA:31,1
DA:40,1
DA:41,1
DA:42,1
DA:43,1
DA:45,1
DA:47,1
LF:20
LH:18
BRDA:2,0,0,1
BRDA:2,0,1,1
BRDA:2,0,2,1
BRDA:3,1,0,1
BRDA:3,1,1,0
BRDA:3,1,2,0
BRDA:3,1,3,0
BRDA:5,2,0,0
BRDA:5,2,1,0
BRDA:9,3,0,0
BRDA:9,3,1,1
BRDA:31,4,0,1
BRDA:31,4,1,1
BRF:13
BRH:7
end_of_record
TN:
SF:/home/pjpimentel/projects/digital-ocean/dots/src/action.ts
FN:2,(anonymous_0)
FN:4,(anonymous_1)
FN:5,(anonymous_2)
FN:6,(anonymous_3)
FN:8,__
FN:22,(anonymous_5)
FN:30,ActionEndpoint
FN:42,(anonymous_7)
FN:54,(anonymous_8)
FNF:9
FNH:7
FNDA:1,(anonymous_0)
FNDA:0,(anonymous_1)
FNDA:0,(anonymous_2)
FNDA:1,(anonymous_3)
FNDA:1,__
FNDA:1,(anonymous_5)
FNDA:1,ActionEndpoint
FNDA:1,(anonymous_7)
FNDA:1,(anonymous_8)
DA:2,1
DA:3,1
DA:4,0
DA:5,0
DA:6,1
DA:7,1
DA:8,1
DA:9,1
DA:12,1
DA:13,1
DA:14,1
DA:22,1
DA:23,1
DA:31,1
DA:42,1
DA:43,1
DA:44,1
DA:54,1
DA:55,1
DA:56,1
DA:57,1
DA:59,1
DA:61,1
LF:23
LH:21
BRDA:2,0,0,1
BRDA:2,0,1,1
BRDA:2,0,2,1
BRDA:3,1,0,1
BRDA:3,1,1,0
BRDA:3,1,2,0
BRDA:3,1,3,0
BRDA:5,2,0,0
BRDA:5,2,1,0
BRDA:9,3,0,0
BRDA:9,3,1,1
BRDA:31,4,0,1
BRDA:31,4,1,1
BRF:13
BRH:7
end_of_record
TN:
SF:/home/pjpimentel/projects/digital-ocean/dots/src/certificate.ts
FN:2,(anonymous_0)
FN:4,(anonymous_1)
FN:5,(anonymous_2)
FN:6,(anonymous_3)
FN:8,__
FN:22,(anonymous_5)
FN:30,CertificateEndpoint
FN:41,(anonymous_7)
FN:54,(anonymous_8)
FN:68,(anonymous_9)
FN:80,(anonymous_10)
FNF:11
FNH:5
FNDA:1,(anonymous_0)
FNDA:0,(anonymous_1)
FNDA:0,(anonymous_2)
FNDA:1,(anonymous_3)
FNDA:1,__
FNDA:1,(anonymous_5)
FNDA:1,CertificateEndpoint
FNDA:0,(anonymous_7)
FNDA:0,(anonymous_8)
FNDA:0,(anonymous_9)
FNDA:0,(anonymous_10)
DA:2,1
DA:3,1
DA:4,0
DA:5,0
DA:6,1
DA:7,1
DA:8,1
DA:9,1
DA:12,1
DA:13,1
DA:14,1
DA:22,1
DA:23,1
DA:31,1
DA:41,1
DA:42,0
DA:43,0
DA:44,0
DA:54,1
DA:55,0
DA:56,0
DA:57,0
DA:68,1
DA:69,0
DA:70,0
DA:80,1
DA:81,0
DA:82,0
DA:83,0
DA:85,1
DA:87,1
LF:31
LH:18
BRDA:2,0,0,1
BRDA:2,0,1,1
BRDA:2,0,2,1
BRDA:3,1,0,1
BRDA:3,1,1,0
BRDA:3,1,2,0
BRDA:3,1,3,0
BRDA:5,2,0,0
BRDA:5,2,1,0
BRDA:9,3,0,0
BRDA:9,3,1,1
BRDA:31,4,0,1
BRDA:31,4,1,1
BRF:13
BRH:7
end_of_record
TN:
SF:/home/pjpimentel/projects/digital-ocean/dots/src/digitalOcean.ts
FN:2,(anonymous_0)
FN:4,(anonymous_1)
FN:5,(anonymous_2)
FN:6,(anonymous_3)
FN:8,__
FN:21,(anonymous_5)
FN:30,DigitalOcean
FN:53,(anonymous_7)
FNF:8
FNH:5
FNDA:1,(anonymous_0)
FNDA:0,(anonymous_1)
FNDA:0,(anonymous_2)
FNDA:1,(anonymous_3)
FNDA:1,__
FNDA:1,(anonymous_5)
FNDA:1,DigitalOcean
FNDA:0,(anonymous_7)
DA:2,1
DA:3,1
DA:4,0
DA:5,0
DA:6,1
DA:7,1
DA:8,1
DA:9,1
DA:12,1
DA:13,1
DA:21,1
DA:22,1
DA:31,1
DA:42,1
DA:43,1
DA:53,1
DA:54,0
DA:55,0
DA:56,0
DA:57,0
DA:61,0
DA:62,0
DA:63,0
DA:64,0
DA:65,0
DA:66,0
DA:72,0
DA:74,1
DA:76,1
DA:77,1
LF:30
LH:17
BRDA:2,0,0,1
BRDA:2,0,1,1
BRDA:2,0,2,1
BRDA:3,1,0,1
BRDA:3,1,1,0
BRDA:3,1,2,0
BRDA:3,1,3,0
BRDA:5,2,0,0
BRDA:5,2,1,0
BRDA:9,3,0,0
BRDA:9,3,1,1
BRDA:31,4,0,1
BRDA:31,4,1,1
BRDA:40,5,0,1
BRDA:40,5,1,1
BRDA:55,6,0,0
BRDA:55,6,1,0
BRDA:58,7,0,0
BRDA:58,7,1,0
BRDA:59,8,0,0
BRDA:59,8,1,0
BRDA:61,9,0,0
BRDA:61,9,1,0
BRDA:61,10,0,0
BRDA:61,10,1,0
BRDA:65,11,0,0
BRDA:65,11,1,0
BRF:27
BRH:9
end_of_record
TN:
SF:/home/pjpimentel/projects/digital-ocean/dots/src/droplet.ts
FN:2,(anonymous_0)
FN:4,(anonymous_1)
FN:5,(anonymous_2)
FN:6,(anonymous_3)
FN:8,__
FN:22,(anonymous_5)
FN:30,DropletEndpoint
FN:42,(anonymous_7)
FN:55,(anonymous_8)
FN:69,(anonymous_9)
FN:74,(anonymous_10)
FN:92,(anonymous_11)
FN:105,(anonymous_12)
FN:118,(anonymous_13)
FN:131,(anonymous_14)
FN:144,(anonymous_15)
FN:158,(anonymous_16)
FN:163,(anonymous_17)
FN:188,(anonymous_18)
FN:199,(anonymous_19)
FN:212,(anonymous_20)
FN:225,(anonymous_21)
FN:238,(anonymous_22)
FN:251,(anonymous_23)
FN:264,(anonymous_24)
FN:277,(anonymous_25)
FN:282,(anonymous_26)
FN:296,(anonymous_27)
FN:311,(anonymous_28)
FN:317,(anonymous_29)
FN:330,(anonymous_30)
FNF:31
FNH:5
FNDA:1,(anonymous_0)
FNDA:0,(anonymous_1)
FNDA:0,(anonymous_2)
FNDA:1,(anonymous_3)
FNDA:1,__
FNDA:1,(anonymous_5)
FNDA:1,DropletEndpoint
FNDA:0,(anonymous_7)
FNDA:0,(anonymous_8)
FNDA:0,(anonymous_9)
FNDA:0,(anonymous_10)
FNDA:0,(anonymous_11)
FNDA:0,(anonymous_12)
FNDA:0,(anonymous_13)
FNDA:0,(anonymous_14)
FNDA:0,(anonymous_15)
FNDA:0,(anonymous_16)
FNDA:0,(anonymous_17)
FNDA:0,(anonymous_18)
FNDA:0,(anonymous_19)
FNDA:0,(anonymous_20)
FNDA:0,(anonymous_21)
FNDA:0,(anonymous_22)
FNDA:0,(anonymous_23)
FNDA:0,(anonymous_24)
FNDA:0,(anonymous_25)
FNDA:0,(anonymous_26)
FNDA:0,(anonymous_27)
FNDA:0,(anonymous_28)
FNDA:0,(anonymous_29)
FNDA:0,(anonymous_30)
DA:2,1
DA:3,1
DA:4,0
DA:5,0
DA:6,1
DA:7,1
DA:8,1
DA:9,1
DA:12,1
DA:13,1
DA:14,1
DA:22,1
DA:23,1
DA:31,1
DA:42,1
DA:43,0
DA:44,0
DA:45,0
DA:55,1
DA:56,0
DA:57,0
DA:58,0
DA:69,1
DA:70,0
DA:71,0
DA:72,0
DA:74,1
DA:75,0
DA:76,0
DA:77,0
DA:78,0
DA:80,0
DA:81,0
DA:82,0
DA:92,1
DA:93,0
DA:94,0
DA:95,0
DA:105,1
DA:106,0
DA:107,0
DA:108,0
DA:118,1
DA:119,0
DA:120,0
DA:121,0
DA:131,1
DA:132,0
DA:133,0
DA:134,0
DA:144,1
DA:145,0
DA:146,0
DA:147,0
DA:158,1
DA:159,0
DA:160,0
DA:161,0
DA:163,1
DA:164,0
DA:165,0
DA:166,0
DA:168,0
DA:169,0
DA:172,0
DA:173,0
DA:174,0
DA:175,0
DA:176,0
DA:188,1
DA:189,0
DA:190,0
DA:199,1
DA:200,0
DA:201,0
DA:202,0
DA:212,1
DA:213,0
DA:214,0
DA:215,0
DA:225,1
DA:226,0
DA:227,0
DA:228,0
DA:238,1
DA:239,0
DA:240,0
DA:241,0
DA:251,1
DA:252,0
DA:253,0
DA:254,0
DA:264,1
DA:265,0
DA:266,0
DA:267,0
DA:277,1
DA:278,0
DA:279,0
DA:280,0
DA:282,1
DA:283,0
DA:284,0
DA:285,0
DA:296,1
DA:297,0
DA:298,0
DA:299,0
DA:311,1
DA:312,0
DA:313,0
DA:314,0
DA:315,0
DA:317,1
DA:318,0
DA:319,0
DA:320,0
DA:330,1
DA:331,0
DA:332,0
DA:333,0
DA:335,1
DA:337,1
LF:123
LH:38
BRDA:2,0,0,1
BRDA:2,0,1,1
BRDA:2,0,2,1
BRDA:3,1,0,1
BRDA:3,1,1,0
BRDA:3,1,2,0
BRDA:3,1,3,0
BRDA:5,2,0,0
BRDA:5,2,1,0
BRDA:9,3,0,0
BRDA:9,3,1,1
BRDA:31,4,0,1
BRDA:31,4,1,1
BRDA:77,5,0,0
BRDA:77,5,1,0
BRDA:168,6,0,0
BRDA:168,6,1,0
BRDA:169,7,0,0
BRDA:169,7,1,0
BRDA:169,7,2,0
BRDA:172,8,0,0
BRDA:172,8,1,0
BRDA:174,9,0,0
BRDA:174,9,1,0
BRDA:312,10,0,0
BRDA:312,10,1,0
BRF:26
BRH:7
end_of_record
TN:
SF:/home/pjpimentel/projects/digital-ocean/dots/src/image.ts
FN:2,(anonymous_0)
FN:4,(anonymous_1)
FN:5,(anonymous_2)
FN:6,(anonymous_3)
FN:8,__
FN:23,(anonymous_5)
FN:31,ImageEndpoint
FN:42,(anonymous_7)
FN:56,(anonymous_8)
FN:61,(anonymous_9)
FN:75,(anonymous_10)
FN:80,(anonymous_11)
FN:101,(anonymous_12)
FN:114,(anonymous_13)
FN:127,(anonymous_14)
FN:142,(anonymous_15)
FNF:16
FNH:5
FNDA:1,(anonymous_0)
FNDA:0,(anonymous_1)
FNDA:0,(anonymous_2)
FNDA:1,(anonymous_3)
FNDA:1,__
FNDA:1,(anonymous_5)
FNDA:1,ImageEndpoint
FNDA:0,(anonymous_7)
FNDA:0,(anonymous_8)
FNDA:0,(anonymous_9)
FNDA:0,(anonymous_10)
FNDA:0,(anonymous_11)
FNDA:0,(anonymous_12)
FNDA:0,(anonymous_13)
FNDA:0,(anonymous_14)
FNDA:0,(anonymous_15)
DA:2,1
DA:3,1
DA:4,0
DA:5,0
DA:6,1
DA:7,1
DA:8,1
DA:9,1
DA:12,1
DA:13,1
DA:14,1
DA:23,1
DA:24,1
DA:32,1
DA:42,1
DA:43,0
DA:44,0
DA:45,0
DA:46,0
DA:56,1
DA:57,0
DA:58,0
DA:59,0
DA:61,1
DA:62,0
DA:63,0
DA:64,0
DA:75,1
DA:76,0
DA:77,0
DA:78,0
DA:80,1
DA:81,0
DA:82,0
DA:83,0
DA:85,0
DA:86,0
DA:87,0
DA:88,0
DA:89,0
DA:101,1
DA:102,0
DA:103,0
DA:114,1
DA:115,0
DA:116,0
DA:127,1
DA:128,0
DA:129,0
DA:130,0
DA:131,0
DA:142,1
DA:143,0
DA:144,0
DA:145,0
DA:147,1
DA:149,1
LF:57
LH:23
BRDA:2,0,0,1
BRDA:2,0,1,1
BRDA:2,0,2,1
BRDA:3,1,0,1
BRDA:3,1,1,0
BRDA:3,1,2,0
BRDA:3,1,3,0
BRDA:5,2,0,0
BRDA:5,2,1,0
BRDA:9,3,0,0
BRDA:9,3,1,1
BRDA:32,4,0,1
BRDA:32,4,1,1
BRDA:82,5,0,0
BRDA:82,5,1,0
BRDA:83,6,0,0
BRDA:83,6,1,0
BRDA:83,6,2,0
BRDA:85,7,0,0
BRDA:85,7,1,0
BRDA:87,8,0,0
BRDA:87,8,1,0
BRF:22
BRH:7
end_of_record
TN:
SF:/home/pjpimentel/projects/digital-ocean/dots/src/region.ts
FN:2,(anonymous_0)
FN:4,(anonymous_1)
FN:5,(anonymous_2)
FN:6,(anonymous_3)
FN:8,__
FN:22,(anonymous_5)
FN:30,RegionEndpoint
FN:42,(anonymous_7)
FNF:8
FNH:5
FNDA:1,(anonymous_0)
FNDA:0,(anonymous_1)
FNDA:0,(anonymous_2)
FNDA:1,(anonymous_3)
FNDA:1,__
FNDA:1,(anonymous_5)
FNDA:1,RegionEndpoint
FNDA:0,(anonymous_7)
DA:2,1
DA:3,1
DA:4,0
DA:5,0
DA:6,1
DA:7,1
DA:8,1
DA:9,1
DA:12,1
DA:13,1
DA:14,1
DA:22,1
DA:23,1
DA:31,1
DA:42,1
DA:43,0
DA:44,0
DA:46,1
DA:48,1
LF:19
LH:15
BRDA:2,0,0,1
BRDA:2,0,1,1
BRDA:2,0,2,1
BRDA:3,1,0,1
BRDA:3,1,1,0
BRDA:3,1,2,0
BRDA:3,1,3,0
BRDA:5,2,0,0
BRDA:5,2,1,0
BRDA:9,3,0,0
BRDA:9,3,1,1
BRDA:31,4,0,1
BRDA:31,4,1,1
BRF:13
BRH:7
end_of_record
TN:
SF:/home/pjpimentel/projects/digital-ocean/dots/src/size.ts
FN:2,(anonymous_0)
FN:4,(anonymous_1)
FN:5,(anonymous_2)
FN:6,(anonymous_3)
FN:8,__
FN:22,(anonymous_5)
FN:30,SizeEndpoint
FN:42,(anonymous_7)
FNF:8
FNH:5
FNDA:1,(anonymous_0)
FNDA:0,(anonymous_1)
FNDA:0,(anonymous_2)
FNDA:1,(anonymous_3)
FNDA:1,__
FNDA:1,(anonymous_5)
FNDA:1,SizeEndpoint
FNDA:0,(anonymous_7)
DA:2,1
DA:3,1
DA:4,0
DA:5,0
DA:6,1
DA:7,1
DA:8,1
DA:9,1
DA:12,1
DA:13,1
DA:14,1
DA:22,1
DA:23,1
DA:31,1
DA:42,1
DA:43,0
DA:44,0
DA:46,1
DA:48,1
LF:19
LH:15
BRDA:2,0,0,1
BRDA:2,0,1,1
BRDA:2,0,2,1
BRDA:3,1,0,1
BRDA:3,1,1,0
BRDA:3,1,2,0
BRDA:3,1,3,0
BRDA:5,2,0,0
BRDA:5,2,1,0
BRDA:9,3,0,0
BRDA:9,3,1,1
BRDA:31,4,0,1
BRDA:31,4,1,1
BRF:13
BRH:7
end_of_record
TN:
SF:/home/pjpimentel/projects/digital-ocean/dots/src/snapshot.ts
FN:2,(anonymous_0)
FN:4,(anonymous_1)
FN:5,(anonymous_2)
FN:6,(anonymous_3)
FN:8,__
FN:22,(anonymous_5)
FN:30,SnapshotEndpoint
FN:41,(anonymous_7)
FN:54,(anonymous_8)
FN:59,(anonymous_9)
FNF:10
FNH:5
FNDA:1,(anonymous_0)
FNDA:0,(anonymous_1)
FNDA:0,(anonymous_2)
FNDA:1,(anonymous_3)
FNDA:1,__
FNDA:1,(anonymous_5)
FNDA:1,SnapshotEndpoint
FNDA:0,(anonymous_7)
FNDA:0,(anonymous_8)
FNDA:0,(anonymous_9)
DA:2,1
DA:3,1
DA:4,0
DA:5,0
DA:6,1
DA:7,1
DA:8,1
DA:9,1
DA:12,1
DA:13,1
DA:14,1
DA:22,1
DA:23,1
DA:31,1
DA:41,1
DA:42,0
DA:43,0
DA:44,0
DA:54,1
DA:55,0
DA:56,0
DA:57,0
DA:59,1
DA:60,0
DA:61,0
DA:62,0
DA:64,0
DA:65,0
DA:66,0
DA:67,0
DA:68,0
DA:70,1
DA:72,1
LF:33
LH:17
BRDA:2,0,0,1
BRDA:2,0,1,1
BRDA:2,0,2,1
BRDA:3,1,0,1
BRDA:3,1,1,0
BRDA:3,1,2,0
BRDA:3,1,3,0
BRDA:5,2,0,0
BRDA:5,2,1,0
BRDA:9,3,0,0
BRDA:9,3,1,1
BRDA:31,4,0,1
BRDA:31,4,1,1
BRDA:61,5,0,0
BRDA:61,5,1,0
BRDA:62,6,0,0
BRDA:62,6,1,0
BRDA:62,6,2,0
BRDA:64,7,0,0
BRDA:64,7,1,0
BRDA:66,8,0,0
BRDA:66,8,1,0
BRF:22
BRH:7
end_of_record
TN:
SF:/home/pjpimentel/projects/digital-ocean/dots/src/sshkey.ts
FN:2,(anonymous_0)
FN:4,(anonymous_1)
FN:5,(anonymous_2)
FN:6,(anonymous_3)
FN:8,__
FN:22,(anonymous_5)
FN:30,SSHKeyEndpoint
FN:41,(anonymous_7)
FN:46,(anonymous_8)
FN:60,(anonymous_9)
FN:64,(anonymous_10)
FN:69,(anonymous_11)
FNF:12
FNH:5
FNDA:1,(anonymous_0)
FNDA:0,(anonymous_1)
FNDA:0,(anonymous_2)
FNDA:1,(anonymous_3)
FNDA:1,__
FNDA:1,(anonymous_5)
FNDA:1,SSHKeyEndpoint
FNDA:0,(anonymous_7)
FNDA:0,(anonymous_8)
FNDA:0,(anonymous_9)
FNDA:0,(anonymous_10)
FNDA:0,(anonymous_11)
DA:2,1
DA:3,1
DA:4,0
DA:5,0
DA:6,1
DA:7,1
DA:8,1
DA:9,1
DA:12,1
DA:13,1
DA:14,1
DA:22,1
DA:23,1
DA:31,1
DA:41,1
DA:42,0
DA:43,0
DA:44,0
DA:46,1
DA:47,0
DA:48,0
DA:49,0
DA:60,1
DA:61,0
DA:62,0
DA:64,1
DA:65,0
DA:66,0
DA:67,0
DA:69,1
DA:70,0
DA:71,0
DA:72,0
DA:74,1
DA:76,1
LF:35
LH:19
BRDA:2,0,0,1
BRDA:2,0,1,1
BRDA:2,0,2,1
BRDA:3,1,0,1
BRDA:3,1,1,0
BRDA:3,1,2,0
BRDA:3,1,3,0
BRDA:5,2,0,0
BRDA:5,2,1,0
BRDA:9,3,0,0
BRDA:9,3,1,1
BRDA:31,4,0,1
BRDA:31,4,1,1
BRF:13
BRH:7
end_of_record
TN:
SF:/home/pjpimentel/projects/digital-ocean/dots/src/tag.ts
FN:2,(anonymous_0)
FN:4,(anonymous_1)
FN:5,(anonymous_2)
FN:6,(anonymous_3)
FN:8,__
FN:22,(anonymous_5)
FN:30,TagEndpoint
FN:41,(anonymous_7)
FN:54,(anonymous_8)
FN:67,(anonymous_9)
FN:81,(anonymous_10)
FN:95,(anonymous_11)
FN:112,(anonymous_12)
FN:118,(anonymous_13)
FNF:14
FNH:5
FNDA:1,(anonymous_0)
FNDA:0,(anonymous_1)
FNDA:0,(anonymous_2)
FNDA:1,(anonymous_3)
FNDA:1,__
FNDA:1,(anonymous_5)
FNDA:1,TagEndpoint
FNDA:0,(anonymous_7)
FNDA:0,(anonymous_8)
FNDA:0,(anonymous_9)
FNDA:0,(anonymous_10)
FNDA:0,(anonymous_11)
FNDA:0,(anonymous_12)
FNDA:0,(anonymous_13)
DA:2,1
DA:3,1
DA:4,0
DA:5,0
DA:6,1
DA:7,1
DA:8,1
DA:9,1
DA:12,1
DA:13,1
DA:14,1
DA:22,1
DA:23,1
DA:31,1
DA:41,1
DA:42,0
DA:43,0
DA:44,0
DA:54,1
DA:55,0
DA:56,0
DA:57,0
DA:67,1
DA:68,0
DA:69,0
DA:70,0
DA:81,1
DA:82,0
DA:83,0
DA:95,1
DA:96,0
DA:97,0
DA:98,0
DA:99,0
DA:100,0
DA:101,0
DA:102,0
DA:103,0
DA:104,0
DA:105,0
DA:107,0
DA:109,0
DA:110,0
DA:112,1
DA:113,0
DA:114,0
DA:115,0
DA:116,0
DA:118,1
DA:119,0
DA:120,0
DA:121,0
DA:122,0
DA:124,1
DA:126,1
LF:55
LH:21
BRDA:2,0,0,1
BRDA:2,0,1,1
BRDA:2,0,2,1
BRDA:3,1,0,1
BRDA:3,1,1,0
BRDA:3,1,2,0
BRDA:3,1,3,0
BRDA:5,2,0,0
BRDA:5,2,1,0
BRDA:9,3,0,0
BRDA:9,3,1,1
BRDA:31,4,0,1
BRDA:31,4,1,1
BRDA:97,5,0,0
BRDA:97,5,1,0
BRDA:98,6,0,0
BRDA:98,6,1,0
BRDA:99,7,0,0
BRDA:99,7,1,0
BRDA:101,8,0,0
BRDA:101,8,1,0
BRDA:103,9,0,0
BRDA:103,9,1,0
BRF:23
BRH:7
end_of_record
TN:
SF:/home/pjpimentel/projects/digital-ocean/dots/src/volume.ts
FN:2,(anonymous_0)
FN:4,(anonymous_1)
FN:5,(anonymous_2)
FN:6,(anonymous_3)
FN:8,__
FN:22,(anonymous_5)
FN:30,VolumeEndpoint
FN:33,(anonymous_7)
FN:66,(anonymous_8)
FN:84,(anonymous_9)
FN:92,(anonymous_10)
FN:107,(anonymous_11)
FN:141,(anonymous_12)
FN:154,(anonymous_13)
FN:168,(anonymous_14)
FN:182,(anonymous_15)
FN:197,(anonymous_16)
FN:211,(anonymous_17)
FN:224,(anonymous_18)
FNF:19
FNH:5
FNDA:1,(anonymous_0)
FNDA:0,(anonymous_1)
FNDA:0,(anonymous_2)
FNDA:1,(anonymous_3)
FNDA:1,__
FNDA:1,(anonymous_5)
FNDA:1,VolumeEndpoint
FNDA:0,(anonymous_7)
FNDA:0,(anonymous_8)
FNDA:0,(anonymous_9)
FNDA:0,(anonymous_10)
FNDA:0,(anonymous_11)
FNDA:0,(anonymous_12)
FNDA:0,(anonymous_13)
FNDA:0,(anonymous_14)
FNDA:0,(anonymous_15)
FNDA:0,(anonymous_16)
FNDA:0,(anonymous_17)
FNDA:0,(anonymous_18)
DA:2,1
DA:3,1
DA:4,0
DA:5,0
DA:6,1
DA:7,1
DA:8,1
DA:9,1
DA:12,1
DA:13,1
DA:14,1
DA:22,1
DA:23,1
DA:31,1
DA:33,1
DA:34,0
DA:35,0
DA:36,0
DA:37,0
DA:38,0
DA:39,0
DA:40,0
DA:41,0
DA:42,0
DA:45,0
DA:47,0
DA:48,0
DA:49,0
DA:50,0
DA:51,0
DA:52,0
DA:53,0
DA:55,0
DA:56,0
DA:66,1
DA:67,0
DA:68,0
DA:69,0
DA:70,0
DA:71,0
DA:72,0
DA:73,0
DA:84,1
DA:85,0
DA:86,0
DA:87,0
DA:88,0
DA:89,0
DA:90,0
DA:92,1
DA:93,0
DA:94,0
DA:95,0
DA:96,0
DA:97,0
DA:98,0
DA:101,0
DA:102,0
DA:104,0
DA:105,0
DA:107,1
DA:108,0
DA:109,0
DA:110,0
DA:111,0
DA:112,0
DA:113,0
DA:114,0
DA:115,0
DA:116,0
DA:119,0
DA:121,0
DA:122,0
DA:123,0
DA:124,0
DA:125,0
DA:126,0
DA:127,0
DA:129,0
DA:130,0
DA:141,1
DA:142,0
DA:143,0
DA:144,0
DA:154,1
DA:155,0
DA:156,0
DA:157,0
DA:168,1
DA:169,0
DA:170,0
DA:182,1
DA:183,0
DA:184,0
DA:197,1
DA:198,0
DA:199,0
DA:211,1
DA:212,0
DA:213,0
DA:224,1
DA:225,0
DA:226,0
DA:227,0
DA:228,0
DA:230,1
DA:232,1
LF:107
LH:26
BRDA:2,0,0,1
BRDA:2,0,1,1
BRDA:2,0,2,1
BRDA:3,1,0,1
BRDA:3,1,1,0
BRDA:3,1,2,0
BRDA:3,1,3,0
BRDA:5,2,0,0
BRDA:5,2,1,0
BRDA:9,3,0,0
BRDA:9,3,1,1
BRDA:31,4,0,1
BRDA:31,4,1,1
BRDA:40,5,0,0
BRDA:40,5,1,0
BRDA:50,6,0,0
BRDA:50,6,1,0
BRDA:68,7,0,0
BRDA:68,7,1,0
BRDA:70,8,0,0
BRDA:70,8,1,0
BRDA:87,9,0,0
BRDA:87,9,1,0
BRDA:96,10,0,0
BRDA:96,10,1,0
BRDA:114,11,0,0
BRDA:114,11,1,0
BRDA:124,12,0,0
BRDA:124,12,1,0
BRF:29
BRH:7
end_of_record
TN:
SF:/home/pjpimentel/projects/digital-ocean/dots/src/common/api.ts
FN:26,(anonymous_0)
FN:33,API
FN:51,(anonymous_2)
FN:63,(anonymous_3)
FN:75,(anonymous_4)
FN:87,(anonymous_5)
FN:100,(anonymous_6)
FN:115,(anonymous_7)
FN:117,(anonymous_8)
FN:132,(anonymous_9)
FN:145,(anonymous_10)
FNF:11
FNH:8
FNDA:1,(anonymous_0)
FNDA:1,API
FNDA:3,(anonymous_2)
FNDA:0,(anonymous_3)
FNDA:0,(anonymous_4)
FNDA:0,(anonymous_5)
FNDA:1,(anonymous_6)
FNDA:1,(anonymous_7)
FNDA:2,(anonymous_8)
FNDA:1,(anonymous_9)
FNDA:1,(anonymous_10)
DA:2,1
DA:3,1
DA:4,1
DA:5,1
DA:6,1
DA:7,1
DA:8,1
DA:9,1
DA:10,1
DA:11,1
DA:12,1
DA:13,1
DA:14,1
DA:26,1
DA:34,1
DA:35,1
DA:36,1
DA:37,1
DA:38,1
DA:39,1
DA:40,1
DA:41,1
DA:43,1
DA:51,3
DA:55,1
DA:63,0
DA:67,1
DA:75,0
DA:79,1
DA:87,0
DA:91,1
DA:101,1
DA:106,1
DA:116,1
DA:117,2
DA:118,1
DA:123,1
DA:133,1
DA:145,1
DA:146,1
DA:147,1
DA:148,1
DA:150,1
DA:152,1
DA:154,1
DA:155,1
DA:156,1
DA:157,1
DA:158,1
DA:159,1
DA:161,1
DA:163,1
LF:52
LH:49
BRDA:37,0,0,1
BRDA:37,0,1,0
BRF:2
BRH:1
end_of_record
TN:
SF:/home/pjpimentel/projects/digital-ocean/dots/src/common/endpoint.ts
FN:13,(anonymous_0)
FN:21,Endpoint
FN:37,(anonymous_2)
FN:40,(anonymous_3)
FN:61,(anonymous_4)
FN:76,(anonymous_5)
FN:78,(anonymous_6)
FN:83,(anonymous_7)
FN:85,(anonymous_8)
FN:99,(anonymous_9)
FNF:10
FNH:9
FNDA:1,(anonymous_0)
FNDA:11,Endpoint
FNDA:1,(anonymous_2)
FNDA:1,(anonymous_3)
FNDA:0,(anonymous_4)
FNDA:3,(anonymous_5)
FNDA:2,(anonymous_6)
FNDA:3,(anonymous_7)
FNDA:2,(anonymous_8)
FNDA:1,(anonymous_9)
DA:2,1
DA:3,1
DA:4,1
DA:5,1
DA:13,1
DA:22,11
DA:23,11
DA:37,1
DA:38,1
DA:39,1
DA:41,1
DA:42,1
DA:43,1
DA:44,1
DA:45,1
DA:46,1
DA:47,1
DA:48,1
DA:61,1
DA:62,0
DA:63,0
DA:76,1
DA:77,3
DA:78,3
DA:79,2
DA:80,0
DA:81,2
DA:83,3
DA:84,3
DA:85,2
DA:87,3
DA:99,1
DA:100,1
DA:102,1
DA:104,1
LF:35
LH:32
BRDA:43,0,0,1
BRDA:43,0,1,0
BRDA:43,1,0,1
BRDA:43,1,1,1
BRDA:79,2,0,0
BRDA:79,2,1,2
BRDA:84,3,0,2
BRDA:84,3,1,1
BRDA:100,4,0,1
BRDA:100,4,1,0
BRDA:100,5,0,1
BRDA:100,5,1,1
BRF:12
BRH:9
end_of_record
TN:
SF:/home/pjpimentel/projects/digital-ocean/dots/src/common/type.guards.ts
FN:11,isNumberOrNull
FN:22,isStringOrNull
FN:33,isArrayOfString
FN:36,(anonymous_3)
FN:46,isArrayOfNumber
FN:49,(anonymous_5)
FN:59,isAccount
FN:84,isSize
FN:113,isArrayOfSize
FN:126,isTag
FN:140,isArrayOfTag
FN:153,isResource
FN:168,isArrayOfResource
FN:181,isRegion
FN:202,isArrayOfRegion
FN:215,isAction
FN:242,isArrayOfAction
FN:255,isSSHKey
FN:274,isArrayOfSSHKey
FN:287,isSnapshot
FN:314,isArrayOfSnapshot
FN:327,isVolume
FN:352,isArrayOfVolume
FN:365,isImage
FN:398,isArrayOfImage
FN:411,isCertificate
FN:432,isArrayOfCertificate
FN:445,isDroplet
FN:495,isArrayOfDroplet
FN:508,isCollection
FNF:30
FNH:5
FNDA:17,isNumberOrNull
FNDA:18,isStringOrNull
FNDA:0,isArrayOfString
FNDA:0,(anonymous_3)
FNDA:0,isArrayOfNumber
FNDA:0,(anonymous_5)
FNDA:9,isAccount
FNDA:0,isSize
FNDA:0,isArrayOfSize
FNDA:0,isTag
FNDA:0,isArrayOfTag
FNDA:0,isResource
FNDA:0,isArrayOfResource
FNDA:0,isRegion
FNDA:0,isArrayOfRegion
FNDA:20,isAction
FNDA:0,isArrayOfAction
FNDA:0,isSSHKey
FNDA:0,isArrayOfSSHKey
FNDA:0,isSnapshot
FNDA:0,isArrayOfSnapshot
FNDA:0,isVolume
FNDA:0,isArrayOfVolume
FNDA:0,isImage
FNDA:0,isArrayOfImage
FNDA:0,isCertificate
FNDA:0,isArrayOfCertificate
FNDA:0,isDroplet
FNDA:0,isArrayOfDroplet
FNDA:1,isCollection
DA:2,1
DA:3,1
DA:12,17
DA:14,1
DA:23,18
DA:25,1
DA:34,0
DA:35,0
DA:36,0
DA:38,1
DA:47,0
DA:48,0
DA:49,0
DA:51,1
DA:60,9
DA:61,1
DA:62,8
DA:63,1
DA:64,7
DA:65,1
DA:66,6
DA:67,1
DA:68,5
DA:69,1
DA:70,4
DA:71,1
DA:72,3
DA:73,1
DA:74,2
DA:76,1
DA:85,0
DA:86,0
DA:87,0
DA:88,0
DA:89,0
DA:90,0
DA:91,0
DA:92,0
DA:93,0
DA:94,0
DA:95,0
DA:96,0
DA:97,0
DA:98,0
DA:99,0
DA:100,0
DA:101,0
DA:102,0
DA:103,0
DA:105,1
DA:114,0
DA:115,0
DA:116,0
DA:118,1
DA:127,0
DA:128,0
DA:130,0
DA:132,1
DA:141,0
DA:142,0
DA:143,0
DA:145,1
DA:154,0
DA:155,0
DA:156,0
DA:157,0
DA:158,0
DA:160,1
DA:169,0
DA:170,0
DA:171,0
DA:173,1
DA:182,0
DA:183,0
DA:184,0
DA:185,0
DA:186,0
DA:187,0
DA:188,0
DA:189,0
DA:190,0
DA:191,0
DA:192,0
DA:194,1
DA:203,0
DA:204,0
DA:205,0
DA:207,1
DA:216,20
DA:217,1
DA:218,19
DA:219,1
DA:220,18
DA:221,1
DA:222,17
DA:223,1
DA:224,16
DA:225,1
DA:226,15
DA:227,1
DA:228,14
DA:229,1
DA:230,13
DA:231,1
DA:232,12
DA:234,1
DA:243,0
DA:244,0
DA:245,0
DA:247,1
DA:256,0
DA:257,0
DA:258,0
DA:259,0
DA:260,0
DA:261,0
DA:262,0
DA:263,0
DA:264,0
DA:266,1
DA:275,0
DA:276,0
DA:277,0
DA:279,1
DA:288,0
DA:289,0
DA:290,0
DA:291,0
DA:292,0
DA:293,0
DA:294,0
DA:295,0
DA:296,0
DA:297,0
DA:298,0
DA:299,0
DA:300,0
DA:301,0
DA:302,0
DA:303,0
DA:304,0
DA:306,1
DA:315,0
DA:316,0
DA:317,0
DA:319,1
DA:328,0
DA:329,0
DA:330,0
DA:331,0
DA:332,0
DA:333,0
DA:334,0
DA:335,0
DA:336,0
DA:337,0
DA:338,0
DA:339,0
DA:340,0
DA:341,0
DA:342,0
DA:344,1
DA:353,0
DA:354,0
DA:355,0
DA:357,1
DA:366,0
DA:367,0
DA:368,0
DA:369,0
DA:370,0
DA:371,0
DA:372,0
DA:373,0
DA:374,0
DA:375,0
DA:376,0
DA:377,0
DA:378,0
DA:379,0
DA:380,0
DA:381,0
DA:382,0
DA:383,0
DA:384,0
DA:385,0
DA:386,0
DA:388,0
DA:390,1
DA:399,0
DA:400,0
DA:401,0
DA:403,1
DA:412,0
DA:413,0
DA:414,0
DA:415,0
DA:416,0
DA:417,0
DA:418,0
DA:419,0
DA:420,0
DA:421,0
DA:422,0
DA:424,1
DA:433,0
DA:434,0
DA:435,0
DA:437,1
DA:446,0
DA:447,0
DA:448,0
DA:449,0
DA:450,0
DA:451,0
DA:452,0
DA:453,0
DA:454,0
DA:455,0
DA:456,0
DA:457,0
DA:458,0
DA:459,0
DA:460,0
DA:461,0
DA:463,0
DA:464,0
DA:465,0
DA:466,0
DA:467,0
DA:468,0
DA:469,0
DA:470,0
DA:471,0
DA:472,0
DA:473,0
DA:474,0
DA:475,0
DA:476,0
DA:477,0
DA:478,0
DA:479,0
DA:480,0
DA:481,0
DA:482,0
DA:483,0
DA:484,0
DA:485,0
DA:487,1
DA:496,0
DA:497,0
DA:498,0
DA:500,1
DA:509,1
DA:510,0
DA:511,1
DA:512,0
DA:513,1
DA:514,0
DA:515,1
DA:516,0
DA:517,1
DA:518,0
DA:519,1
DA:520,0
DA:521,1
DA:522,0
DA:523,1
DA:525,1
LF:269
LH:72
BRDA:12,0,0,17
BRDA:12,0,1,16
BRDA:23,1,0,18
BRDA:23,1,1,17
BRDA:34,2,0,0
BRDA:34,2,1,0
BRDA:47,3,0,0
BRDA:47,3,1,0
BRDA:60,4,0,1
BRDA:60,4,1,8
BRDA:62,5,0,1
BRDA:62,5,1,7
BRDA:64,6,0,1
BRDA:64,6,1,6
BRDA:66,7,0,1
BRDA:66,7,1,5
BRDA:68,8,0,1
BRDA:68,8,1,4
BRDA:70,9,0,1
BRDA:70,9,1,3
BRDA:72,10,0,1
BRDA:72,10,1,2
BRDA:85,11,0,0
BRDA:85,11,1,0
BRDA:87,12,0,0
BRDA:87,12,1,0
BRDA:89,13,0,0
BRDA:89,13,1,0
BRDA:91,14,0,0
BRDA:91,14,1,0
BRDA:93,15,0,0
BRDA:93,15,1,0
BRDA:95,16,0,0
BRDA:95,16,1,0
BRDA:97,17,0,0
BRDA:97,17,1,0
BRDA:99,18,0,0
BRDA:99,18,1,0
BRDA:101,19,0,0
BRDA:101,19,1,0
BRDA:114,20,0,0
BRDA:114,20,1,0
BRDA:127,21,0,0
BRDA:127,21,1,0
BRDA:141,22,0,0
BRDA:141,22,1,0
BRDA:154,23,0,0
BRDA:154,23,1,0
BRDA:156,24,0,0
BRDA:156,24,1,0
BRDA:169,25,0,0
BRDA:169,25,1,0
BRDA:182,26,0,0
BRDA:182,26,1,0
BRDA:184,27,0,0
BRDA:184,27,1,0
BRDA:186,28,0,0
BRDA:186,28,1,0
BRDA:188,29,0,0
BRDA:188,29,1,0
BRDA:190,30,0,0
BRDA:190,30,1,0
BRDA:203,31,0,0
BRDA:203,31,1,0
BRDA:216,32,0,1
BRDA:216,32,1,19
BRDA:218,33,0,1
BRDA:218,33,1,18
BRDA:220,34,0,1
BRDA:220,34,1,17
BRDA:222,35,0,1
BRDA:222,35,1,16
BRDA:224,36,0,1
BRDA:224,36,1,15
BRDA:226,37,0,1
BRDA:226,37,1,14
BRDA:228,38,0,1
BRDA:228,38,1,13
BRDA:230,39,0,1
BRDA:230,39,1,12
BRDA:243,40,0,0
BRDA:243,40,1,0
BRDA:256,41,0,0
BRDA:256,41,1,0
BRDA:258,42,0,0
BRDA:258,42,1,0
BRDA:260,43,0,0
BRDA:260,43,1,0
BRDA:262,44,0,0
BRDA:262,44,1,0
BRDA:275,45,0,0
BRDA:275,45,1,0
BRDA:288,46,0,0
BRDA:288,46,1,0
BRDA:290,47,0,0
BRDA:290,47,1,0
BRDA:292,48,0,0
BRDA:292,48,1,0
BRDA:294,49,0,0
BRDA:294,49,1,0
BRDA:296,50,0,0
BRDA:296,50,1,0
BRDA:298,51,0,0
BRDA:298,51,1,0
BRDA:300,52,0,0
BRDA:300,52,1,0
BRDA:302,53,0,0
BRDA:302,53,1,0
BRDA:315,54,0,0
BRDA:315,54,1,0
BRDA:328,55,0,0
BRDA:328,55,1,0
BRDA:330,56,0,0
BRDA:330,56,1,0
BRDA:332,57,0,0
BRDA:332,57,1,0
BRDA:334,58,0,0
BRDA:334,58,1,0
BRDA:336,59,0,0
BRDA:336,59,1,0
BRDA:338,60,0,0
BRDA:338,60,1,0
BRDA:340,61,0,0
BRDA:340,61,1,0
BRDA:353,62,0,0
BRDA:353,62,1,0
BRDA:367,63,0,0
BRDA:367,63,1,0
BRDA:369,64,0,0
BRDA:369,64,1,0
BRDA:371,65,0,0
BRDA:371,65,1,0
BRDA:373,66,0,0
BRDA:373,66,1,0
BRDA:375,67,0,0
BRDA:375,67,1,0
BRDA:377,68,0,0
BRDA:377,68,1,0
BRDA:379,69,0,0
BRDA:379,69,1,0
BRDA:381,70,0,0
BRDA:381,70,1,0
BRDA:383,71,0,0
BRDA:383,71,1,0
BRDA:383,72,0,0
BRDA:383,72,1,0
BRDA:385,73,0,0
BRDA:385,73,1,0
BRDA:399,74,0,0
BRDA:399,74,1,0
BRDA:412,75,0,0
BRDA:412,75,1,0
BRDA:414,76,0,0
BRDA:414,76,1,0
BRDA:416,77,0,0
BRDA:416,77,1,0
BRDA:418,78,0,0
BRDA:418,78,1,0
BRDA:420,79,0,0
BRDA:420,79,1,0
BRDA:433,80,0,0
BRDA:433,80,1,0
BRDA:446,81,0,0
BRDA:446,81,1,0
BRDA:448,82,0,0
BRDA:448,82,1,0
BRDA:450,83,0,0
BRDA:450,83,1,0
BRDA:452,84,0,0
BRDA:452,84,1,0
BRDA:454,85,0,0
BRDA:454,85,1,0
BRDA:456,86,0,0
BRDA:456,86,1,0
BRDA:458,87,0,0
BRDA:458,87,1,0
BRDA:460,88,0,0
BRDA:460,88,1,0
BRDA:463,89,0,0
BRDA:463,89,1,0
BRDA:465,90,0,0
BRDA:465,90,1,0
BRDA:467,91,0,0
BRDA:467,91,1,0
BRDA:469,92,0,0
BRDA:469,92,1,0
BRDA:471,93,0,0
BRDA:471,93,1,0
BRDA:473,94,0,0
BRDA:473,94,1,0
BRDA:475,95,0,0
BRDA:475,95,1,0
BRDA:477,96,0,0
BRDA:477,96,1,0
BRDA:479,97,0,0
BRDA:479,97,1,0
BRDA:481,98,0,0
BRDA:481,98,1,0
BRDA:483,99,0,0
BRDA:483,99,1,0
BRDA:496,100,0,0
BRDA:496,100,1,0
BRDA:509,101,0,0
BRDA:509,101,1,1
BRDA:511,102,0,0
BRDA:511,102,1,1
BRDA:513,103,0,0
BRDA:513,103,1,1
BRDA:515,104,0,0
BRDA:515,104,1,1
BRDA:517,105,0,0
BRDA:517,105,1,1
BRDA:519,106,0,0
BRDA:519,106,1,1
BRDA:521,107,0,0
BRDA:521,107,1,1
BRF:216
BRH:41
end_of_record
